{"/Users/lyj/Desktop/project/ChromeTools/src/content/ui/App.tsx": {"path":"/Users/lyj/Desktop/project/ChromeTools/src/content/ui/App.tsx","statementMap":{"0":{"start":{"line":2,"column":0},"end":{"line":2,"column":37}},"1":{"start":{"line":3,"column":0},"end":{"line":3,"column":71}},"2":{"start":{"line":4,"column":0},"end":{"line":4,"column":41}},"3":{"start":{"line":5,"column":0},"end":{"line":5,"column":61}},"4":{"start":{"line":6,"column":0},"end":{"line":6,"column":36}},"5":{"start":{"line":7,"column":0},"end":{"line":7,"column":50}},"6":{"start":{"line":8,"column":0},"end":{"line":8,"column":45}},"7":{"start":{"line":13,"column":29},"end":{"line":156,"column":1}},"8":{"start":{"line":14,"column":38},"end":{"line":14,"column":53}},"9":{"start":{"line":15,"column":38},"end":{"line":15,"column":57}},"10":{"start":{"line":16,"column":52},"end":{"line":16,"column":95}},"11":{"start":{"line":17,"column":40},"end":{"line":17,"column":53}},"12":{"start":{"line":22,"column":2},"end":{"line":26,"column":null}},"13":{"start":{"line":23,"column":4},"end":{"line":25,"column":null}},"14":{"start":{"line":24,"column":6},"end":{"line":24,"column":null}},"15":{"start":{"line":31,"column":2},"end":{"line":50,"column":null}},"16":{"start":{"line":32,"column":20},"end":{"line":47,"column":6}},"17":{"start":{"line":33,"column":6},"end":{"line":33,"column":null}},"18":{"start":{"line":35,"column":6},"end":{"line":46,"column":7}},"19":{"start":{"line":37,"column":10},"end":{"line":37,"column":null}},"20":{"start":{"line":38,"column":10},"end":{"line":38,"column":15}},"21":{"start":{"line":41,"column":10},"end":{"line":41,"column":null}},"22":{"start":{"line":42,"column":10},"end":{"line":42,"column":15}},"23":{"start":{"line":45,"column":10},"end":{"line":45,"column":15}},"24":{"start":{"line":49,"column":4},"end":{"line":49,"column":null}},"25":{"start":{"line":55,"column":2},"end":{"line":69,"column":null}},"26":{"start":{"line":56,"column":31},"end":{"line":62,"column":5}},"27":{"start":{"line":57,"column":38},"end":{"line":57,"column":50}},"28":{"start":{"line":58,"column":6},"end":{"line":58,"column":null}},"29":{"start":{"line":60,"column":6},"end":{"line":60,"column":null}},"30":{"start":{"line":61,"column":6},"end":{"line":61,"column":null}},"31":{"start":{"line":64,"column":4},"end":{"line":64,"column":null}},"32":{"start":{"line":66,"column":4},"end":{"line":68,"column":null}},"33":{"start":{"line":67,"column":6},"end":{"line":67,"column":null}},"34":{"start":{"line":74,"column":24},"end":{"line":83,"column":3}},"35":{"start":{"line":75,"column":19},"end":{"line":75,"column":46}},"36":{"start":{"line":76,"column":20},"end":{"line":76,"column":30}},"37":{"start":{"line":77,"column":4},"end":{"line":77,"column":null}},"38":{"start":{"line":79,"column":4},"end":{"line":82,"column":null}},"39":{"start":{"line":88,"column":31},"end":{"line":95,"column":3}},"40":{"start":{"line":89,"column":4},"end":{"line":94,"column":5}},"41":{"start":{"line":90,"column":6},"end":{"line":90,"column":null}},"42":{"start":{"line":91,"column":6},"end":{"line":91,"column":null}},"43":{"start":{"line":93,"column":6},"end":{"line":93,"column":null}},"44":{"start":{"line":100,"column":21},"end":{"line":124,"column":3}},"45":{"start":{"line":101,"column":4},"end":{"line":123,"column":null}},"46":{"start":{"line":103,"column":6},"end":{"line":109,"column":null}},"47":{"start":{"line":112,"column":22},"end":{"line":114,"column":15}},"48":{"start":{"line":113,"column":8},"end":{"line":113,"column":null}},"49":{"start":{"line":116,"column":22},"end":{"line":122,"column":8}},"50":{"start":{"line":117,"column":8},"end":{"line":121,"column":9}},"51":{"start":{"line":118,"column":10},"end":{"line":118,"column":null}},"52":{"start":{"line":119,"column":10},"end":{"line":119,"column":null}},"53":{"start":{"line":120,"column":10},"end":{"line":120,"column":null}},"54":{"start":{"line":129,"column":29},"end":{"line":135,"column":3}},"55":{"start":{"line":130,"column":4},"end":{"line":134,"column":5}},"56":{"start":{"line":131,"column":6},"end":{"line":131,"column":null}},"57":{"start":{"line":133,"column":6},"end":{"line":133,"column":null}},"58":{"start":{"line":140,"column":28},"end":{"line":142,"column":3}},"59":{"start":{"line":141,"column":4},"end":{"line":141,"column":null}},"60":{"start":{"line":144,"column":2},"end":{"line":155,"column":null}},"61":{"start":{"line":13,"column":13},"end":{"line":13,"column":29}}},"fnMap":{"0":{"name":"(anonymous_10)","decl":{"start":{"line":13,"column":29},"end":{"line":13,"column":32}},"loc":{"start":{"line":13,"column":34},"end":{"line":156,"column":1}}},"1":{"name":"(anonymous_11)","decl":{"start":{"line":22,"column":12},"end":{"line":22,"column":15}},"loc":{"start":{"line":22,"column":17},"end":{"line":26,"column":3}}},"2":{"name":"(anonymous_12)","decl":{"start":{"line":23,"column":34},"end":{"line":23,"column":35}},"loc":{"start":{"line":23,"column":44},"end":{"line":25,"column":5}}},"3":{"name":"(anonymous_13)","decl":{"start":{"line":31,"column":12},"end":{"line":31,"column":15}},"loc":{"start":{"line":31,"column":17},"end":{"line":50,"column":3}}},"4":{"name":"(anonymous_14)","decl":{"start":{"line":32,"column":39},"end":{"line":32,"column":40}},"loc":{"start":{"line":32,"column":56},"end":{"line":47,"column":5}}},"5":{"name":"(anonymous_15)","decl":{"start":{"line":55,"column":12},"end":{"line":55,"column":15}},"loc":{"start":{"line":55,"column":17},"end":{"line":69,"column":3}}},"6":{"name":"(anonymous_16)","decl":{"start":{"line":56,"column":31},"end":{"line":56,"column":32}},"loc":{"start":{"line":56,"column":54},"end":{"line":62,"column":5}}},"7":{"name":"(anonymous_17)","decl":{"start":{"line":66,"column":11},"end":{"line":66,"column":14}},"loc":{"start":{"line":66,"column":16},"end":{"line":68,"column":5}}},"8":{"name":"(anonymous_18)","decl":{"start":{"line":74,"column":24},"end":{"line":74,"column":25}},"loc":{"start":{"line":74,"column":58},"end":{"line":83,"column":3}}},"9":{"name":"(anonymous_19)","decl":{"start":{"line":88,"column":31},"end":{"line":88,"column":32}},"loc":{"start":{"line":88,"column":66},"end":{"line":95,"column":3}}},"10":{"name":"(anonymous_20)","decl":{"start":{"line":100,"column":21},"end":{"line":100,"column":26}},"loc":{"start":{"line":100,"column":41},"end":{"line":124,"column":3}}},"11":{"name":"(anonymous_21)","decl":{"start":{"line":101,"column":29},"end":{"line":101,"column":30}},"loc":{"start":{"line":101,"column":49},"end":{"line":123,"column":5}}},"12":{"name":"(anonymous_22)","decl":{"start":{"line":112,"column":33},"end":{"line":112,"column":36}},"loc":{"start":{"line":112,"column":38},"end":{"line":114,"column":7}}},"13":{"name":"(anonymous_23)","decl":{"start":{"line":116,"column":41},"end":{"line":116,"column":42}},"loc":{"start":{"line":116,"column":58},"end":{"line":122,"column":7}}},"14":{"name":"(anonymous_24)","decl":{"start":{"line":129,"column":29},"end":{"line":129,"column":30}},"loc":{"start":{"line":129,"column":62},"end":{"line":135,"column":3}}},"15":{"name":"(anonymous_25)","decl":{"start":{"line":140,"column":28},"end":{"line":140,"column":31}},"loc":{"start":{"line":140,"column":33},"end":{"line":142,"column":3}}}},"branchMap":{"0":{"loc":{"start":{"line":35,"column":6},"end":{"line":46,"column":7}},"type":"switch","locations":[{"start":{"line":36,"column":8},"end":{"line":38,"column":15}},{"start":{"line":40,"column":8},"end":{"line":42,"column":15}},{"start":{"line":44,"column":8},"end":{"line":45,"column":15}}]},"1":{"loc":{"start":{"line":89,"column":4},"end":{"line":94,"column":5}},"type":"if","locations":[{"start":{"line":89,"column":4},"end":{"line":94,"column":5}},{"start":{"line":92,"column":11},"end":{"line":94,"column":5}}]},"2":{"loc":{"start":{"line":89,"column":8},"end":{"line":89,"column":53}},"type":"binary-expr","locations":[{"start":{"line":89,"column":8},"end":{"line":89,"column":23}},{"start":{"line":89,"column":27},"end":{"line":89,"column":53}}]},"3":{"loc":{"start":{"line":93,"column":24},"end":{"line":93,"column":53}},"type":"binary-expr","locations":[{"start":{"line":93,"column":24},"end":{"line":93,"column":37}},{"start":{"line":93,"column":41},"end":{"line":93,"column":53}}]},"4":{"loc":{"start":{"line":117,"column":8},"end":{"line":121,"column":9}},"type":"if","locations":[{"start":{"line":117,"column":8},"end":{"line":121,"column":9}}]},"5":{"loc":{"start":{"line":130,"column":4},"end":{"line":134,"column":5}},"type":"if","locations":[{"start":{"line":130,"column":4},"end":{"line":134,"column":5}},{"start":{"line":132,"column":11},"end":{"line":134,"column":5}}]},"6":{"loc":{"start":{"line":131,"column":26},"end":{"line":131,"column":51}},"type":"binary-expr","locations":[{"start":{"line":131,"column":26},"end":{"line":131,"column":41}},{"start":{"line":131,"column":45},"end":{"line":131,"column":51}}]},"7":{"loc":{"start":{"line":133,"column":24},"end":{"line":133,"column":47}},"type":"binary-expr","locations":[{"start":{"line":133,"column":24},"end":{"line":133,"column":37}},{"start":{"line":133,"column":41},"end":{"line":133,"column":47}}]}},"s":{"0":1,"1":1,"2":1,"3":1,"4":1,"5":1,"6":1,"7":1,"8":13,"9":13,"10":13,"11":13,"12":13,"13":12,"14":12,"15":13,"16":12,"17":0,"18":0,"19":0,"20":0,"21":0,"22":0,"23":0,"24":12,"25":13,"26":12,"27":0,"28":0,"29":0,"30":0,"31":12,"32":12,"33":12,"34":13,"35":0,"36":0,"37":0,"38":0,"39":13,"40":0,"41":0,"42":0,"43":0,"44":13,"45":0,"46":0,"47":0,"48":0,"49":0,"50":0,"51":0,"52":0,"53":0,"54":13,"55":0,"56":0,"57":0,"58":13,"59":0,"60":13,"61":1},"f":{"0":13,"1":12,"2":12,"3":12,"4":0,"5":12,"6":0,"7":12,"8":0,"9":0,"10":0,"11":0,"12":0,"13":0,"14":0,"15":0},"b":{"0":[0,0,0],"1":[0,0],"2":[0,0],"3":[0,0],"4":[0],"5":[0,0],"6":[0,0],"7":[0,0]}}
,"/Users/lyj/Desktop/project/ChromeTools/src/content/ui/SchemaDrawer.tsx": {"path":"/Users/lyj/Desktop/project/ChromeTools/src/content/ui/SchemaDrawer.tsx","statementMap":{"0":{"start":{"line":2,"column":0},"end":{"line":2,"column":72}},"1":{"start":{"line":3,"column":0},"end":{"line":3,"column":55}},"2":{"start":{"line":4,"column":0},"end":{"line":4,"column":41}},"3":{"start":{"line":5,"column":0},"end":{"line":5,"column":62}},"4":{"start":{"line":6,"column":0},"end":{"line":6,"column":50}},"5":{"start":{"line":7,"column":0},"end":{"line":7,"column":null}},"6":{"start":{"line":18,"column":0},"end":{"line":18,"column":null}},"7":{"start":{"line":32,"column":57},"end":{"line":240,"column":1}},"8":{"start":{"line":33,"column":67},"end":{"line":33,"column":72}},"9":{"start":{"line":34,"column":40},"end":{"line":34,"column":60}},"10":{"start":{"line":35,"column":38},"end":{"line":35,"column":53}},"11":{"start":{"line":36,"column":34},"end":{"line":36,"column":49}},"12":{"start":{"line":41,"column":2},"end":{"line":52,"column":null}},"13":{"start":{"line":42,"column":4},"end":{"line":51,"column":5}},"14":{"start":{"line":43,"column":6},"end":{"line":50,"column":7}},"15":{"start":{"line":44,"column":26},"end":{"line":44,"column":61}},"16":{"start":{"line":45,"column":8},"end":{"line":45,"column":null}},"17":{"start":{"line":46,"column":8},"end":{"line":46,"column":null}},"18":{"start":{"line":48,"column":8},"end":{"line":48,"column":null}},"19":{"start":{"line":49,"column":8},"end":{"line":49,"column":null}},"20":{"start":{"line":57,"column":29},"end":{"line":62,"column":3}},"21":{"start":{"line":58,"column":4},"end":{"line":61,"column":5}},"22":{"start":{"line":59,"column":6},"end":{"line":59,"column":null}},"23":{"start":{"line":60,"column":6},"end":{"line":60,"column":null}},"24":{"start":{"line":67,"column":23},"end":{"line":76,"column":3}},"25":{"start":{"line":68,"column":4},"end":{"line":75,"column":5}},"26":{"start":{"line":69,"column":21},"end":{"line":69,"column":44}},"27":{"start":{"line":70,"column":24},"end":{"line":70,"column":55}},"28":{"start":{"line":71,"column":6},"end":{"line":71,"column":null}},"29":{"start":{"line":72,"column":6},"end":{"line":72,"column":null}},"30":{"start":{"line":74,"column":6},"end":{"line":74,"column":null}},"31":{"start":{"line":81,"column":26},"end":{"line":96,"column":3}},"32":{"start":{"line":82,"column":4},"end":{"line":95,"column":5}},"33":{"start":{"line":83,"column":21},"end":{"line":83,"column":44}},"34":{"start":{"line":84,"column":21},"end":{"line":84,"column":42}},"35":{"start":{"line":86,"column":6},"end":{"line":92,"column":7}},"36":{"start":{"line":87,"column":8},"end":{"line":87,"column":null}},"37":{"start":{"line":88,"column":8},"end":{"line":88,"column":null}},"38":{"start":{"line":89,"column":8},"end":{"line":89,"column":null}},"39":{"start":{"line":91,"column":8},"end":{"line":91,"column":null}},"40":{"start":{"line":94,"column":6},"end":{"line":94,"column":null}},"41":{"start":{"line":101,"column":28},"end":{"line":118,"column":3}},"42":{"start":{"line":102,"column":19},"end":{"line":102,"column":47}},"43":{"start":{"line":104,"column":4},"end":{"line":117,"column":5}},"44":{"start":{"line":105,"column":6},"end":{"line":105,"column":null}},"45":{"start":{"line":106,"column":6},"end":{"line":106,"column":null}},"46":{"start":{"line":108,"column":6},"end":{"line":114,"column":7}},"47":{"start":{"line":109,"column":8},"end":{"line":109,"column":null}},"48":{"start":{"line":110,"column":13},"end":{"line":114,"column":7}},"49":{"start":{"line":111,"column":8},"end":{"line":111,"column":null}},"50":{"start":{"line":113,"column":8},"end":{"line":113,"column":null}},"51":{"start":{"line":116,"column":6},"end":{"line":116,"column":null}},"52":{"start":{"line":123,"column":21},"end":{"line":140,"column":3}},"53":{"start":{"line":124,"column":4},"end":{"line":139,"column":5}},"54":{"start":{"line":126,"column":21},"end":{"line":126,"column":44}},"55":{"start":{"line":128,"column":6},"end":{"line":128,"column":null}},"56":{"start":{"line":129,"column":6},"end":{"line":129,"column":null}},"57":{"start":{"line":130,"column":6},"end":{"line":130,"column":null}},"58":{"start":{"line":133,"column":6},"end":{"line":133,"column":null}},"59":{"start":{"line":134,"column":6},"end":{"line":134,"column":null}},"60":{"start":{"line":136,"column":6},"end":{"line":136,"column":null}},"61":{"start":{"line":138,"column":6},"end":{"line":138,"column":null}},"62":{"start":{"line":145,"column":31},"end":{"line":147,"column":3}},"63":{"start":{"line":146,"column":4},"end":{"line":146,"column":null}},"64":{"start":{"line":149,"column":2},"end":{"line":239,"column":null}},"65":{"start":{"line":180,"column":18},"end":{"line":180,"column":null}},"66":{"start":{"line":32,"column":13},"end":{"line":32,"column":57}}},"fnMap":{"0":{"name":"(anonymous_10)","decl":{"start":{"line":32,"column":57},"end":{"line":32,"column":58}},"loc":{"start":{"line":32,"column":67},"end":{"line":240,"column":1}}},"1":{"name":"(anonymous_11)","decl":{"start":{"line":41,"column":12},"end":{"line":41,"column":15}},"loc":{"start":{"line":41,"column":17},"end":{"line":52,"column":3}}},"2":{"name":"(anonymous_12)","decl":{"start":{"line":57,"column":29},"end":{"line":57,"column":30}},"loc":{"start":{"line":57,"column":59},"end":{"line":62,"column":3}}},"3":{"name":"(anonymous_13)","decl":{"start":{"line":67,"column":23},"end":{"line":67,"column":26}},"loc":{"start":{"line":67,"column":28},"end":{"line":76,"column":3}}},"4":{"name":"(anonymous_14)","decl":{"start":{"line":81,"column":26},"end":{"line":81,"column":29}},"loc":{"start":{"line":81,"column":31},"end":{"line":96,"column":3}}},"5":{"name":"(anonymous_15)","decl":{"start":{"line":101,"column":28},"end":{"line":101,"column":31}},"loc":{"start":{"line":101,"column":33},"end":{"line":118,"column":3}}},"6":{"name":"(anonymous_16)","decl":{"start":{"line":123,"column":21},"end":{"line":123,"column":26}},"loc":{"start":{"line":123,"column":32},"end":{"line":140,"column":3}}},"7":{"name":"(anonymous_17)","decl":{"start":{"line":145,"column":31},"end":{"line":145,"column":34}},"loc":{"start":{"line":145,"column":36},"end":{"line":147,"column":3}}},"8":{"name":"(anonymous_18)","decl":{"start":{"line":179,"column":39},"end":{"line":179,"column":40}},"loc":{"start":{"line":180,"column":18},"end":{"line":180,"column":null}}}},"branchMap":{"0":{"loc":{"start":{"line":42,"column":4},"end":{"line":51,"column":5}},"type":"if","locations":[{"start":{"line":42,"column":4},"end":{"line":51,"column":5}}]},"1":{"loc":{"start":{"line":42,"column":8},"end":{"line":42,"column":55}},"type":"binary-expr","locations":[{"start":{"line":42,"column":8},"end":{"line":42,"column":27}},{"start":{"line":42,"column":31},"end":{"line":42,"column":55}}]},"2":{"loc":{"start":{"line":58,"column":4},"end":{"line":61,"column":5}},"type":"if","locations":[{"start":{"line":58,"column":4},"end":{"line":61,"column":5}}]},"3":{"loc":{"start":{"line":86,"column":6},"end":{"line":92,"column":7}},"type":"if","locations":[{"start":{"line":86,"column":6},"end":{"line":92,"column":7}},{"start":{"line":90,"column":13},"end":{"line":92,"column":7}}]},"4":{"loc":{"start":{"line":86,"column":10},"end":{"line":86,"column":39}},"type":"binary-expr","locations":[{"start":{"line":86,"column":10},"end":{"line":86,"column":24}},{"start":{"line":86,"column":28},"end":{"line":86,"column":39}}]},"5":{"loc":{"start":{"line":91,"column":22},"end":{"line":91,"column":45}},"type":"binary-expr","locations":[{"start":{"line":91,"column":22},"end":{"line":91,"column":34}},{"start":{"line":91,"column":38},"end":{"line":91,"column":45}}]},"6":{"loc":{"start":{"line":104,"column":4},"end":{"line":117,"column":5}},"type":"if","locations":[{"start":{"line":104,"column":4},"end":{"line":117,"column":5}},{"start":{"line":115,"column":11},"end":{"line":117,"column":5}}]},"7":{"loc":{"start":{"line":104,"column":8},"end":{"line":104,"column":37}},"type":"binary-expr","locations":[{"start":{"line":104,"column":8},"end":{"line":104,"column":22}},{"start":{"line":104,"column":26},"end":{"line":104,"column":37}}]},"8":{"loc":{"start":{"line":108,"column":6},"end":{"line":114,"column":7}},"type":"if","locations":[{"start":{"line":108,"column":6},"end":{"line":114,"column":7}},{"start":{"line":110,"column":13},"end":{"line":114,"column":7}}]},"9":{"loc":{"start":{"line":110,"column":13},"end":{"line":114,"column":7}},"type":"if","locations":[{"start":{"line":110,"column":13},"end":{"line":114,"column":7}},{"start":{"line":112,"column":13},"end":{"line":114,"column":7}}]},"10":{"loc":{"start":{"line":110,"column":17},"end":{"line":110,"column":59}},"type":"binary-expr","locations":[{"start":{"line":110,"column":17},"end":{"line":110,"column":34}},{"start":{"line":110,"column":38},"end":{"line":110,"column":59}}]},"11":{"loc":{"start":{"line":116,"column":20},"end":{"line":116,"column":44}},"type":"binary-expr","locations":[{"start":{"line":116,"column":20},"end":{"line":116,"column":32}},{"start":{"line":116,"column":36},"end":{"line":116,"column":44}}]},"12":{"loc":{"start":{"line":168,"column":15},"end":{"line":168,"column":41}},"type":"cond-expr","locations":[{"start":{"line":168,"column":26},"end":{"line":168,"column":34}},{"start":{"line":168,"column":37},"end":{"line":168,"column":41}}]},"13":{"loc":{"start":{"line":177,"column":13},"end":{"line":189,"column":null}},"type":"binary-expr","locations":[{"start":{"line":177,"column":13},"end":{"line":177,"column":30}},{"start":{"line":177,"column":34},"end":{"line":177,"column":62}},{"start":{"line":178,"column":14},"end":{"line":188,"column":null}}]}},"s":{"0":1,"1":1,"2":1,"3":1,"4":1,"5":1,"6":1,"7":1,"8":21,"9":21,"10":21,"11":21,"12":21,"13":10,"14":10,"15":10,"16":10,"17":10,"18":0,"19":0,"20":21,"21":0,"22":0,"23":0,"24":21,"25":1,"26":1,"27":1,"28":1,"29":1,"30":0,"31":21,"32":1,"33":1,"34":1,"35":1,"36":1,"37":1,"38":1,"39":0,"40":0,"41":21,"42":1,"43":1,"44":0,"45":0,"46":0,"47":0,"48":0,"49":0,"50":0,"51":1,"52":21,"53":0,"54":0,"55":0,"56":0,"57":0,"58":0,"59":0,"60":0,"61":0,"62":21,"63":0,"64":21,"65":56,"66":1},"f":{"0":21,"1":10,"2":0,"3":1,"4":1,"5":1,"6":0,"7":0,"8":56},"b":{"0":[10],"1":[10,10],"2":[0],"3":[1,0],"4":[1,1],"5":[0,0],"6":[0,1],"7":[1,0],"8":[0,0],"9":[0,0],"10":[0,0],"11":[1,0],"12":[0,21],"13":[21,21,21]}}
,"/Users/lyj/Desktop/project/ChromeTools/src/content/ui/Tooltip.tsx": {"path":"/Users/lyj/Desktop/project/ChromeTools/src/content/ui/Tooltip.tsx","statementMap":{"0":{"start":{"line":2,"column":0},"end":{"line":2,"column":25}},"1":{"start":{"line":3,"column":0},"end":{"line":3,"column":43}},"2":{"start":{"line":17,"column":47},"end":{"line":44,"column":1}},"3":{"start":{"line":18,"column":2},"end":{"line":18,"column":null}},"4":{"start":{"line":18,"column":22},"end":{"line":18,"column":null}},"5":{"start":{"line":20,"column":44},"end":{"line":20,"column":49}},"6":{"start":{"line":22,"column":24},"end":{"line":31,"column":3}},"7":{"start":{"line":23,"column":4},"end":{"line":29,"column":5}},"8":{"start":{"line":24,"column":30},"end":{"line":24,"column":32}},"9":{"start":{"line":25,"column":6},"end":{"line":27,"column":null}},"10":{"start":{"line":26,"column":8},"end":{"line":26,"column":null}},"11":{"start":{"line":28,"column":6},"end":{"line":28,"column":null}},"12":{"start":{"line":30,"column":4},"end":{"line":30,"column":null}},"13":{"start":{"line":33,"column":2},"end":{"line":43,"column":null}},"14":{"start":{"line":17,"column":13},"end":{"line":17,"column":47}}},"fnMap":{"0":{"name":"(anonymous_1)","decl":{"start":{"line":17,"column":47},"end":{"line":17,"column":48}},"loc":{"start":{"line":17,"column":57},"end":{"line":44,"column":1}}},"1":{"name":"(anonymous_2)","decl":{"start":{"line":22,"column":24},"end":{"line":22,"column":27}},"loc":{"start":{"line":22,"column":29},"end":{"line":31,"column":3}}},"2":{"name":"(anonymous_3)","decl":{"start":{"line":25,"column":32},"end":{"line":25,"column":33}},"loc":{"start":{"line":25,"column":49},"end":{"line":27,"column":7}}}},"branchMap":{"0":{"loc":{"start":{"line":18,"column":2},"end":{"line":18,"column":null}},"type":"if","locations":[{"start":{"line":18,"column":2},"end":{"line":18,"column":null}}]},"1":{"loc":{"start":{"line":23,"column":4},"end":{"line":29,"column":5}},"type":"if","locations":[{"start":{"line":23,"column":4},"end":{"line":29,"column":5}}]}},"s":{"0":0,"1":0,"2":0,"3":0,"4":0,"5":0,"6":0,"7":0,"8":0,"9":0,"10":0,"11":0,"12":0,"13":0,"14":0},"f":{"0":0,"1":0,"2":0},"b":{"0":[0],"1":[0]}}
,"/Users/lyj/Desktop/project/ChromeTools/src/content/ui/styles.ts": {"path":"/Users/lyj/Desktop/project/ChromeTools/src/content/ui/styles.ts","statementMap":{"0":{"start":{"line":1,"column":0},"end":{"line":1,"column":38}},"1":{"start":{"line":7,"column":13},"end":{"line":12,"column":null}},"2":{"start":{"line":17,"column":13},"end":{"line":31,"column":null}},"3":{"start":{"line":21,"column":4},"end":{"line":21,"column":69}},"4":{"start":{"line":36,"column":13},"end":{"line":41,"column":null}},"5":{"start":{"line":46,"column":13},"end":{"line":55,"column":null}},"6":{"start":{"line":60,"column":13},"end":{"line":67,"column":null}},"7":{"start":{"line":72,"column":13},"end":{"line":77,"column":null}},"8":{"start":{"line":82,"column":13},"end":{"line":86,"column":null}},"9":{"start":{"line":91,"column":13},"end":{"line":94,"column":null}},"10":{"start":{"line":99,"column":13},"end":{"line":105,"column":null}},"11":{"start":{"line":110,"column":13},"end":{"line":124,"column":null}}},"fnMap":{"0":{"name":"(anonymous_1)","decl":{"start":{"line":20,"column":16},"end":{"line":20,"column":17}},"loc":{"start":{"line":21,"column":4},"end":{"line":21,"column":69}}}},"branchMap":{"0":{"loc":{"start":{"line":21,"column":4},"end":{"line":21,"column":69}},"type":"cond-expr","locations":[{"start":{"line":21,"column":21},"end":{"line":21,"column":42}},{"start":{"line":21,"column":45},"end":{"line":21,"column":69}}]}},"s":{"0":1,"1":1,"2":1,"3":0,"4":1,"5":1,"6":1,"7":1,"8":1,"9":1,"10":1,"11":1},"f":{"0":0},"b":{"0":[0,0]}}
,"/Users/lyj/Desktop/project/ChromeTools/src/options/OptionsApp.tsx": {"path":"/Users/lyj/Desktop/project/ChromeTools/src/options/OptionsApp.tsx","statementMap":{"0":{"start":{"line":1,"column":0},"end":{"line":1,"column":41}},"1":{"start":{"line":2,"column":0},"end":{"line":2,"column":76}},"2":{"start":{"line":3,"column":0},"end":{"line":3,"column":50}},"3":{"start":{"line":4,"column":0},"end":{"line":4,"column":38}},"4":{"start":{"line":6,"column":35},"end":{"line":6,"column":45}},"5":{"start":{"line":8,"column":18},"end":{"line":14,"column":null}},"6":{"start":{"line":16,"column":19},"end":{"line":19,"column":null}},"7":{"start":{"line":21,"column":18},"end":{"line":28,"column":null}},"8":{"start":{"line":33,"column":36},"end":{"line":186,"column":1}},"9":{"start":{"line":34,"column":17},"end":{"line":34,"column":31}},"10":{"start":{"line":35,"column":32},"end":{"line":35,"column":47}},"11":{"start":{"line":36,"column":44},"end":{"line":36,"column":69}},"12":{"start":{"line":41,"column":2},"end":{"line":43,"column":null}},"13":{"start":{"line":42,"column":4},"end":{"line":42,"column":null}},"14":{"start":{"line":45,"column":23},"end":{"line":53,"column":3}},"15":{"start":{"line":46,"column":4},"end":{"line":52,"column":5}},"16":{"start":{"line":47,"column":19},"end":{"line":47,"column":51}},"17":{"start":{"line":48,"column":6},"end":{"line":48,"column":null}},"18":{"start":{"line":49,"column":6},"end":{"line":49,"column":null}},"19":{"start":{"line":51,"column":6},"end":{"line":51,"column":null}},"20":{"start":{"line":58,"column":21},"end":{"line":69,"column":3}},"21":{"start":{"line":59,"column":4},"end":{"line":59,"column":null}},"22":{"start":{"line":60,"column":4},"end":{"line":68,"column":5}},"23":{"start":{"line":61,"column":6},"end":{"line":61,"column":null}},"24":{"start":{"line":62,"column":6},"end":{"line":62,"column":null}},"25":{"start":{"line":63,"column":6},"end":{"line":63,"column":null}},"26":{"start":{"line":65,"column":6},"end":{"line":65,"column":null}},"27":{"start":{"line":67,"column":6},"end":{"line":67,"column":null}},"28":{"start":{"line":74,"column":22},"end":{"line":78,"column":3}},"29":{"start":{"line":75,"column":24},"end":{"line":75,"column":39}},"30":{"start":{"line":76,"column":4},"end":{"line":76,"column":null}},"31":{"start":{"line":77,"column":4},"end":{"line":77,"column":null}},"32":{"start":{"line":80,"column":2},"end":{"line":185,"column":null}},"33":{"start":{"line":33,"column":13},"end":{"line":33,"column":36}}},"fnMap":{"0":{"name":"(anonymous_10)","decl":{"start":{"line":33,"column":36},"end":{"line":33,"column":39}},"loc":{"start":{"line":33,"column":41},"end":{"line":186,"column":1}}},"1":{"name":"(anonymous_11)","decl":{"start":{"line":41,"column":12},"end":{"line":41,"column":15}},"loc":{"start":{"line":41,"column":17},"end":{"line":43,"column":3}}},"2":{"name":"(anonymous_12)","decl":{"start":{"line":45,"column":23},"end":{"line":45,"column":28}},"loc":{"start":{"line":45,"column":34},"end":{"line":53,"column":3}}},"3":{"name":"(anonymous_13)","decl":{"start":{"line":58,"column":21},"end":{"line":58,"column":26}},"loc":{"start":{"line":58,"column":65},"end":{"line":69,"column":3}}},"4":{"name":"(anonymous_14)","decl":{"start":{"line":74,"column":22},"end":{"line":74,"column":25}},"loc":{"start":{"line":74,"column":27},"end":{"line":78,"column":3}}}},"branchMap":{},"s":{"0":1,"1":1,"2":1,"3":1,"4":1,"5":1,"6":1,"7":1,"8":1,"9":6,"10":6,"11":6,"12":6,"13":5,"14":6,"15":5,"16":5,"17":5,"18":5,"19":0,"20":6,"21":0,"22":0,"23":0,"24":0,"25":0,"26":0,"27":0,"28":6,"29":0,"30":0,"31":0,"32":6,"33":1},"f":{"0":6,"1":5,"2":5,"3":0,"4":0},"b":{}}
,"/Users/lyj/Desktop/project/ChromeTools/src/utils/element-detector.ts": {"path":"/Users/lyj/Desktop/project/ChromeTools/src/utils/element-detector.ts","statementMap":{"0":{"start":{"line":8,"column":0},"end":{"line":8,"column":7}},"1":{"start":{"line":29,"column":0},"end":{"line":29,"column":16}},"2":{"start":{"line":36,"column":0},"end":{"line":36,"column":16}},"3":{"start":{"line":49,"column":0},"end":{"line":49,"column":16}},"4":{"start":{"line":59,"column":0},"end":{"line":59,"column":16}},"5":{"start":{"line":75,"column":0},"end":{"line":75,"column":16}},"6":{"start":{"line":84,"column":0},"end":{"line":84,"column":16}},"7":{"start":{"line":2,"column":0},"end":{"line":2,"column":35}},"8":{"start":{"line":9,"column":24},"end":{"line":9,"column":56}},"9":{"start":{"line":10,"column":23},"end":{"line":10,"column":46}},"10":{"start":{"line":11,"column":20},"end":{"line":11,"column":54}},"11":{"start":{"line":13,"column":2},"end":{"line":15,"column":3}},"12":{"start":{"line":14,"column":4},"end":{"line":14,"column":null}},"13":{"start":{"line":17,"column":17},"end":{"line":20,"column":20}},"14":{"start":{"line":19,"column":14},"end":{"line":19,"column":22}},"15":{"start":{"line":22,"column":2},"end":{"line":22,"column":null}},"16":{"start":{"line":30,"column":2},"end":{"line":30,"column":null}},"17":{"start":{"line":37,"column":15},"end":{"line":37,"column":46}},"18":{"start":{"line":38,"column":2},"end":{"line":43,"column":null}},"19":{"start":{"line":50,"column":2},"end":{"line":53,"column":null}},"20":{"start":{"line":63,"column":15},"end":{"line":63,"column":46}},"21":{"start":{"line":64,"column":2},"end":{"line":69,"column":null}},"22":{"start":{"line":76,"column":2},"end":{"line":76,"column":null}},"23":{"start":{"line":77,"column":2},"end":{"line":77,"column":null}},"24":{"start":{"line":78,"column":2},"end":{"line":78,"column":null}},"25":{"start":{"line":85,"column":2},"end":{"line":85,"column":null}},"26":{"start":{"line":86,"column":2},"end":{"line":86,"column":null}},"27":{"start":{"line":87,"column":2},"end":{"line":87,"column":null}}},"fnMap":{"0":{"name":"getElementAttributes","decl":{"start":{"line":8,"column":22},"end":{"line":8,"column":42}},"loc":{"start":{"line":8,"column":63},"end":{"line":23,"column":1}}},"1":{"name":"(anonymous_1)","decl":{"start":{"line":19,"column":9},"end":{"line":19,"column":10}},"loc":{"start":{"line":19,"column":14},"end":{"line":19,"column":22}}},"2":{"name":"hasValidAttributes","decl":{"start":{"line":29,"column":16},"end":{"line":29,"column":34}},"loc":{"start":{"line":29,"column":59},"end":{"line":31,"column":1}}},"3":{"name":"getElementPosition","decl":{"start":{"line":36,"column":16},"end":{"line":36,"column":34}},"loc":{"start":{"line":36,"column":55},"end":{"line":44,"column":1}}},"4":{"name":"getMousePosition","decl":{"start":{"line":49,"column":16},"end":{"line":49,"column":32}},"loc":{"start":{"line":49,"column":50},"end":{"line":54,"column":1}}},"5":{"name":"isClickInside","decl":{"start":{"line":59,"column":16},"end":{"line":59,"column":29}},"loc":{"start":{"line":61,"column":22},"end":{"line":70,"column":1}}},"6":{"name":"addHighlight","decl":{"start":{"line":75,"column":16},"end":{"line":75,"column":28}},"loc":{"start":{"line":75,"column":49},"end":{"line":79,"column":1}}},"7":{"name":"removeHighlight","decl":{"start":{"line":84,"column":16},"end":{"line":84,"column":31}},"loc":{"start":{"line":84,"column":52},"end":{"line":88,"column":1}}}},"branchMap":{"0":{"loc":{"start":{"line":13,"column":2},"end":{"line":15,"column":3}},"type":"if","locations":[{"start":{"line":13,"column":2},"end":{"line":15,"column":3}}]},"1":{"loc":{"start":{"line":65,"column":4},"end":{"line":68,"column":32}},"type":"binary-expr","locations":[{"start":{"line":65,"column":4},"end":{"line":65,"column":30}},{"start":{"line":66,"column":4},"end":{"line":66,"column":31}},{"start":{"line":67,"column":4},"end":{"line":67,"column":29}},{"start":{"line":68,"column":4},"end":{"line":68,"column":32}}]}},"s":{"0":1,"1":1,"2":1,"3":1,"4":1,"5":1,"6":1,"7":1,"8":19,"9":18,"10":18,"11":16,"12":2,"13":14,"14":87,"15":14,"16":6,"17":0,"18":0,"19":0,"20":0,"21":0,"22":0,"23":0,"24":0,"25":0,"26":0,"27":0},"f":{"0":19,"1":87,"2":6,"3":0,"4":0,"5":0,"6":0,"7":0},"b":{"0":[2],"1":[0,0,0,0]}}
,"/Users/lyj/Desktop/project/ChromeTools/src/utils/json-serializer.ts": {"path":"/Users/lyj/Desktop/project/ChromeTools/src/utils/json-serializer.ts","statementMap":{"0":{"start":{"line":17,"column":29},"end":{"line":30,"column":1}},"1":{"start":{"line":18,"column":2},"end":{"line":29,"column":3}},"2":{"start":{"line":19,"column":23},"end":{"line":19,"column":43}},"3":{"start":{"line":20,"column":4},"end":{"line":23,"column":null}},"4":{"start":{"line":25,"column":4},"end":{"line":28,"column":null}},"5":{"start":{"line":17,"column":13},"end":{"line":17,"column":29}},"6":{"start":{"line":43,"column":31},"end":{"line":119,"column":1}},"7":{"start":{"line":44,"column":26},"end":{"line":44,"column":28}},"8":{"start":{"line":45,"column":19},"end":{"line":45,"column":20}},"9":{"start":{"line":47,"column":2},"end":{"line":118,"column":3}},"10":{"start":{"line":48,"column":22},"end":{"line":48,"column":34}},"11":{"start":{"line":51,"column":4},"end":{"line":56,"column":5}},"12":{"start":{"line":52,"column":6},"end":{"line":55,"column":null}},"13":{"start":{"line":60,"column":23},"end":{"line":60,"column":47}},"14":{"start":{"line":61,"column":4},"end":{"line":64,"column":5}},"15":{"start":{"line":62,"column":6},"end":{"line":62,"column":null}},"16":{"start":{"line":63,"column":6},"end":{"line":63,"column":19}},"17":{"start":{"line":67,"column":4},"end":{"line":88,"column":5}},"18":{"start":{"line":68,"column":6},"end":{"line":87,"column":7}},"19":{"start":{"line":69,"column":27},"end":{"line":69,"column":45}},"20":{"start":{"line":70,"column":8},"end":{"line":70,"column":null}},"21":{"start":{"line":71,"column":8},"end":{"line":71,"column":null}},"22":{"start":{"line":74,"column":22},"end":{"line":74,"column":46}},"23":{"start":{"line":75,"column":8},"end":{"line":84,"column":9}},"24":{"start":{"line":76,"column":10},"end":{"line":83,"column":11}},"25":{"start":{"line":77,"column":12},"end":{"line":77,"column":null}},"26":{"start":{"line":78,"column":12},"end":{"line":78,"column":null}},"27":{"start":{"line":79,"column":12},"end":{"line":79,"column":20}},"28":{"start":{"line":82,"column":12},"end":{"line":82,"column":17}},"29":{"start":{"line":86,"column":8},"end":{"line":86,"column":13}},"30":{"start":{"line":91,"column":4},"end":{"line":98,"column":5}},"31":{"start":{"line":92,"column":6},"end":{"line":97,"column":null}},"32":{"start":{"line":101,"column":4},"end":{"line":106,"column":5}},"33":{"start":{"line":102,"column":6},"end":{"line":105,"column":null}},"34":{"start":{"line":108,"column":4},"end":{"line":112,"column":null}},"35":{"start":{"line":114,"column":4},"end":{"line":117,"column":null}},"36":{"start":{"line":43,"column":13},"end":{"line":43,"column":31}},"37":{"start":{"line":126,"column":32},"end":{"line":152,"column":1}},"38":{"start":{"line":127,"column":14},"end":{"line":127,"column":26}},"39":{"start":{"line":131,"column":2},"end":{"line":133,"column":3}},"40":{"start":{"line":132,"column":4},"end":{"line":132,"column":null}},"41":{"start":{"line":138,"column":2},"end":{"line":149,"column":3}},"42":{"start":{"line":140,"column":27},"end":{"line":140,"column":53}},"43":{"start":{"line":143,"column":4},"end":{"line":148,"column":5}},"44":{"start":{"line":144,"column":6},"end":{"line":144,"column":null}},"45":{"start":{"line":145,"column":6},"end":{"line":145,"column":null}},"46":{"start":{"line":151,"column":2},"end":{"line":151,"column":null}},"47":{"start":{"line":126,"column":13},"end":{"line":126,"column":32}}},"fnMap":{"0":{"name":"(anonymous_0)","decl":{"start":{"line":17,"column":29},"end":{"line":17,"column":30}},"loc":{"start":{"line":17,"column":62},"end":{"line":30,"column":1}}},"1":{"name":"(anonymous_1)","decl":{"start":{"line":43,"column":31},"end":{"line":43,"column":32}},"loc":{"start":{"line":43,"column":68},"end":{"line":119,"column":1}}},"2":{"name":"(anonymous_2)","decl":{"start":{"line":126,"column":32},"end":{"line":126,"column":33}},"loc":{"start":{"line":126,"column":58},"end":{"line":152,"column":1}}}},"branchMap":{"0":{"loc":{"start":{"line":51,"column":4},"end":{"line":56,"column":5}},"type":"if","locations":[{"start":{"line":51,"column":4},"end":{"line":56,"column":5}}]},"1":{"loc":{"start":{"line":61,"column":4},"end":{"line":64,"column":5}},"type":"if","locations":[{"start":{"line":61,"column":4},"end":{"line":64,"column":5}}]},"2":{"loc":{"start":{"line":67,"column":11},"end":{"line":67,"column":69}},"type":"binary-expr","locations":[{"start":{"line":67,"column":11},"end":{"line":67,"column":37}},{"start":{"line":67,"column":41},"end":{"line":67,"column":69}}]},"3":{"loc":{"start":{"line":75,"column":8},"end":{"line":84,"column":9}},"type":"if","locations":[{"start":{"line":75,"column":8},"end":{"line":84,"column":9}}]},"4":{"loc":{"start":{"line":91,"column":4},"end":{"line":98,"column":5}},"type":"if","locations":[{"start":{"line":91,"column":4},"end":{"line":98,"column":5}}]},"5":{"loc":{"start":{"line":91,"column":8},"end":{"line":91,"column":67}},"type":"binary-expr","locations":[{"start":{"line":91,"column":8},"end":{"line":91,"column":37}},{"start":{"line":91,"column":41},"end":{"line":91,"column":67}}]},"6":{"loc":{"start":{"line":101,"column":4},"end":{"line":106,"column":5}},"type":"if","locations":[{"start":{"line":101,"column":4},"end":{"line":106,"column":5}}]},"7":{"loc":{"start":{"line":111,"column":18},"end":{"line":111,"column":57}},"type":"cond-expr","locations":[{"start":{"line":111,"column":35},"end":{"line":111,"column":45}},{"start":{"line":111,"column":48},"end":{"line":111,"column":57}}]},"8":{"loc":{"start":{"line":131,"column":2},"end":{"line":133,"column":3}},"type":"if","locations":[{"start":{"line":131,"column":2},"end":{"line":133,"column":3}}]},"9":{"loc":{"start":{"line":131,"column":6},"end":{"line":131,"column":50}},"type":"binary-expr","locations":[{"start":{"line":131,"column":6},"end":{"line":131,"column":27}},{"start":{"line":131,"column":31},"end":{"line":131,"column":50}}]},"10":{"loc":{"start":{"line":138,"column":2},"end":{"line":149,"column":3}},"type":"if","locations":[{"start":{"line":138,"column":2},"end":{"line":149,"column":3}}]}},"s":{"0":2,"1":4,"2":4,"3":4,"4":0,"5":2,"6":2,"7":8,"8":8,"9":8,"10":8,"11":8,"12":1,"13":7,"14":7,"15":5,"16":5,"17":7,"18":7,"19":7,"20":4,"21":4,"22":3,"23":3,"24":0,"25":0,"26":0,"27":0,"28":0,"29":3,"30":7,"31":0,"32":7,"33":3,"34":4,"35":0,"36":2,"37":2,"38":10,"39":10,"40":4,"41":10,"42":7,"43":7,"44":7,"45":3,"46":7,"47":2},"f":{"0":4,"1":8,"2":10},"b":{"0":[1],"1":[5],"2":[11,7],"3":[0],"4":[0],"5":[7,0],"6":[3],"7":[4,0],"8":[4],"9":[10,4],"10":[7]}}
,"/Users/lyj/Desktop/project/ChromeTools/src/utils/message.ts": {"path":"/Users/lyj/Desktop/project/ChromeTools/src/utils/message.ts","statementMap":{"0":{"start":{"line":6,"column":0},"end":{"line":6,"column":7}},"1":{"start":{"line":19,"column":0},"end":{"line":19,"column":7}},"2":{"start":{"line":35,"column":0},"end":{"line":35,"column":16}},"3":{"start":{"line":54,"column":0},"end":{"line":54,"column":16}},"4":{"start":{"line":68,"column":0},"end":{"line":68,"column":16}},"5":{"start":{"line":7,"column":2},"end":{"line":13,"column":3}},"6":{"start":{"line":8,"column":21},"end":{"line":8,"column":62}},"7":{"start":{"line":9,"column":4},"end":{"line":9,"column":null}},"8":{"start":{"line":11,"column":4},"end":{"line":11,"column":null}},"9":{"start":{"line":12,"column":4},"end":{"line":12,"column":null}},"10":{"start":{"line":23,"column":2},"end":{"line":29,"column":3}},"11":{"start":{"line":24,"column":21},"end":{"line":24,"column":66}},"12":{"start":{"line":25,"column":4},"end":{"line":25,"column":null}},"13":{"start":{"line":27,"column":4},"end":{"line":27,"column":null}},"14":{"start":{"line":28,"column":4},"end":{"line":28,"column":null}},"15":{"start":{"line":38,"column":2},"end":{"line":48,"column":null}},"16":{"start":{"line":39,"column":19},"end":{"line":39,"column":43}},"17":{"start":{"line":42,"column":4},"end":{"line":45,"column":5}},"18":{"start":{"line":43,"column":6},"end":{"line":43,"column":null}},"19":{"start":{"line":43,"column":24},"end":{"line":43,"column":55}},"20":{"start":{"line":44,"column":6},"end":{"line":44,"column":18}},"21":{"start":{"line":47,"column":4},"end":{"line":47,"column":null}},"22":{"start":{"line":55,"column":22},"end":{"line":59,"column":null}},"23":{"start":{"line":60,"column":2},"end":{"line":60,"column":null}},"24":{"start":{"line":62,"column":2},"end":{"line":62,"column":null}},"25":{"start":{"line":71,"column":19},"end":{"line":79,"column":3}},"26":{"start":{"line":73,"column":4},"end":{"line":73,"column":39}},"27":{"start":{"line":73,"column":33},"end":{"line":73,"column":39}},"28":{"start":{"line":76,"column":4},"end":{"line":76,"column":77}},"29":{"start":{"line":76,"column":71},"end":{"line":76,"column":77}},"30":{"start":{"line":78,"column":4},"end":{"line":78,"column":null}},"31":{"start":{"line":81,"column":2},"end":{"line":81,"column":null}},"32":{"start":{"line":84,"column":2},"end":{"line":86,"column":null}},"33":{"start":{"line":85,"column":4},"end":{"line":85,"column":null}}},"fnMap":{"0":{"name":"sendMessageToBackground","decl":{"start":{"line":6,"column":22},"end":{"line":6,"column":45}},"loc":{"start":{"line":6,"column":71},"end":{"line":14,"column":1}}},"1":{"name":"sendMessageToContent","decl":{"start":{"line":19,"column":22},"end":{"line":19,"column":42}},"loc":{"start":{"line":21,"column":18},"end":{"line":30,"column":1}}},"2":{"name":"listenChromeMessages","decl":{"start":{"line":35,"column":16},"end":{"line":35,"column":36}},"loc":{"start":{"line":36,"column":91},"end":{"line":49,"column":1}}},"3":{"name":"(anonymous_3)","decl":{"start":{"line":38,"column":39},"end":{"line":38,"column":40}},"loc":{"start":{"line":38,"column":73},"end":{"line":48,"column":3}}},"4":{"name":"(anonymous_4)","decl":{"start":{"line":43,"column":18},"end":{"line":43,"column":21}},"loc":{"start":{"line":43,"column":24},"end":{"line":43,"column":55}}},"5":{"name":"postMessageToPage","decl":{"start":{"line":54,"column":16},"end":{"line":54,"column":33}},"loc":{"start":{"line":54,"column":50},"end":{"line":63,"column":1}}},"6":{"name":"listenPageMessages","decl":{"start":{"line":68,"column":16},"end":{"line":68,"column":34}},"loc":{"start":{"line":69,"column":37},"end":{"line":87,"column":1}}},"7":{"name":"(anonymous_7)","decl":{"start":{"line":71,"column":19},"end":{"line":71,"column":20}},"loc":{"start":{"line":71,"column":43},"end":{"line":79,"column":3}}},"8":{"name":"(anonymous_8)","decl":{"start":{"line":84,"column":9},"end":{"line":84,"column":12}},"loc":{"start":{"line":84,"column":14},"end":{"line":86,"column":3}}}},"branchMap":{"0":{"loc":{"start":{"line":42,"column":4},"end":{"line":45,"column":5}},"type":"if","locations":[{"start":{"line":42,"column":4},"end":{"line":45,"column":5}}]},"1":{"loc":{"start":{"line":73,"column":4},"end":{"line":73,"column":39}},"type":"if","locations":[{"start":{"line":73,"column":4},"end":{"line":73,"column":39}}]},"2":{"loc":{"start":{"line":76,"column":4},"end":{"line":76,"column":77}},"type":"if","locations":[{"start":{"line":76,"column":4},"end":{"line":76,"column":77}}]},"3":{"loc":{"start":{"line":76,"column":8},"end":{"line":76,"column":69}},"type":"binary-expr","locations":[{"start":{"line":76,"column":8},"end":{"line":76,"column":19}},{"start":{"line":76,"column":23},"end":{"line":76,"column":69}}]}},"s":{"0":2,"1":2,"2":2,"3":2,"4":2,"5":7,"6":7,"7":6,"8":1,"9":1,"10":0,"11":0,"12":0,"13":0,"14":0,"15":0,"16":0,"17":0,"18":0,"19":0,"20":0,"21":0,"22":121,"23":121,"24":121,"25":12,"26":0,"27":0,"28":0,"29":0,"30":0,"31":12,"32":12,"33":12},"f":{"0":7,"1":0,"2":0,"3":0,"4":0,"5":121,"6":12,"7":0,"8":12},"b":{"0":[0],"1":[0],"2":[0],"3":[0,0]}}
,"/Users/lyj/Desktop/project/ChromeTools/src/utils/storage.ts": {"path":"/Users/lyj/Desktop/project/ChromeTools/src/utils/storage.ts","statementMap":{"0":{"start":{"line":8,"column":19},"end":{"line":12,"column":null}},"1":{"start":{"line":14,"column":19},"end":{"line":18,"column":null}},"2":{"start":{"line":24,"column":4},"end":{"line":30,"column":5}},"3":{"start":{"line":25,"column":21},"end":{"line":25,"column":80}},"4":{"start":{"line":26,"column":6},"end":{"line":26,"column":null}},"5":{"start":{"line":28,"column":6},"end":{"line":28,"column":null}},"6":{"start":{"line":29,"column":6},"end":{"line":29,"column":null}},"7":{"start":{"line":37,"column":4},"end":{"line":43,"column":5}},"8":{"start":{"line":38,"column":6},"end":{"line":40,"column":null}},"9":{"start":{"line":42,"column":6},"end":{"line":42,"column":null}},"10":{"start":{"line":50,"column":25},"end":{"line":50,"column":52}},"11":{"start":{"line":51,"column":21},"end":{"line":51,"column":34}},"12":{"start":{"line":52,"column":4},"end":{"line":52,"column":null}},"13":{"start":{"line":53,"column":4},"end":{"line":53,"column":null}},"14":{"start":{"line":60,"column":4},"end":{"line":66,"column":5}},"15":{"start":{"line":61,"column":21},"end":{"line":61,"column":83}},"16":{"start":{"line":62,"column":6},"end":{"line":62,"column":null}},"17":{"start":{"line":64,"column":6},"end":{"line":64,"column":null}},"18":{"start":{"line":65,"column":6},"end":{"line":65,"column":null}},"19":{"start":{"line":73,"column":4},"end":{"line":79,"column":5}},"20":{"start":{"line":74,"column":6},"end":{"line":76,"column":null}},"21":{"start":{"line":78,"column":6},"end":{"line":78,"column":null}},"22":{"start":{"line":86,"column":4},"end":{"line":92,"column":5}},"23":{"start":{"line":87,"column":21},"end":{"line":87,"column":85}},"24":{"start":{"line":88,"column":6},"end":{"line":88,"column":null}},"25":{"start":{"line":90,"column":6},"end":{"line":90,"column":null}},"26":{"start":{"line":91,"column":6},"end":{"line":91,"column":null}},"27":{"start":{"line":99,"column":4},"end":{"line":105,"column":5}},"28":{"start":{"line":100,"column":6},"end":{"line":102,"column":null}},"29":{"start":{"line":104,"column":6},"end":{"line":104,"column":null}},"30":{"start":{"line":112,"column":51},"end":{"line":116,"column":6}},"31":{"start":{"line":117,"column":4},"end":{"line":117,"column":null}},"32":{"start":{"line":121,"column":13},"end":{"line":121,"column":null}}},"fnMap":{"0":{"name":"(anonymous_0)","decl":{"start":{"line":7,"column":0},"end":{"line":7,"column":6}},"loc":{"start":{"line":7,"column":0},"end":{"line":119,"column":1}}},"1":{"name":"(anonymous_1)","decl":{"start":{"line":23,"column":2},"end":{"line":23,"column":7}},"loc":{"start":{"line":23,"column":22},"end":{"line":31,"column":3}}},"2":{"name":"(anonymous_2)","decl":{"start":{"line":36,"column":2},"end":{"line":36,"column":7}},"loc":{"start":{"line":36,"column":40},"end":{"line":44,"column":3}}},"3":{"name":"(anonymous_3)","decl":{"start":{"line":49,"column":2},"end":{"line":49,"column":7}},"loc":{"start":{"line":49,"column":25},"end":{"line":54,"column":3}}},"4":{"name":"(anonymous_4)","decl":{"start":{"line":59,"column":2},"end":{"line":59,"column":7}},"loc":{"start":{"line":59,"column":22},"end":{"line":67,"column":3}}},"5":{"name":"(anonymous_5)","decl":{"start":{"line":72,"column":2},"end":{"line":72,"column":7}},"loc":{"start":{"line":72,"column":36},"end":{"line":80,"column":3}}},"6":{"name":"(anonymous_6)","decl":{"start":{"line":85,"column":2},"end":{"line":85,"column":7}},"loc":{"start":{"line":85,"column":24},"end":{"line":93,"column":3}}},"7":{"name":"(anonymous_7)","decl":{"start":{"line":98,"column":2},"end":{"line":98,"column":7}},"loc":{"start":{"line":98,"column":37},"end":{"line":106,"column":3}}},"8":{"name":"(anonymous_8)","decl":{"start":{"line":111,"column":2},"end":{"line":111,"column":7}},"loc":{"start":{"line":111,"column":18},"end":{"line":118,"column":3}}}},"branchMap":{"0":{"loc":{"start":{"line":26,"column":13},"end":{"line":26,"column":80}},"type":"binary-expr","locations":[{"start":{"line":26,"column":13},"end":{"line":26,"column":48}},{"start":{"line":26,"column":52},"end":{"line":26,"column":80}}]},"1":{"loc":{"start":{"line":62,"column":13},"end":{"line":62,"column":86}},"type":"binary-expr","locations":[{"start":{"line":62,"column":13},"end":{"line":62,"column":51}},{"start":{"line":62,"column":55},"end":{"line":62,"column":86}}]},"2":{"loc":{"start":{"line":88,"column":13},"end":{"line":88,"column":90}},"type":"binary-expr","locations":[{"start":{"line":88,"column":13},"end":{"line":88,"column":53}},{"start":{"line":88,"column":57},"end":{"line":88,"column":90}}]}},"s":{"0":1,"1":1,"2":6,"3":6,"4":5,"5":1,"6":1,"7":3,"8":3,"9":1,"10":0,"11":0,"12":0,"13":0,"14":5,"15":5,"16":5,"17":0,"18":0,"19":2,"20":2,"21":0,"22":5,"23":5,"24":5,"25":0,"26":0,"27":2,"28":2,"29":0,"30":3,"31":3,"32":1},"f":{"0":1,"1":6,"2":3,"3":0,"4":5,"5":2,"6":5,"7":2,"8":3},"b":{"0":[5,2],"1":[5,3],"2":[5,3]}}
}
