TN:
SF:src/content/ui/App.tsx
FN:13,(anonymous_10)
FN:22,(anonymous_11)
FN:23,(anonymous_12)
FN:31,(anonymous_13)
FN:32,(anonymous_14)
FN:55,(anonymous_15)
FN:56,(anonymous_16)
FN:66,(anonymous_17)
FN:74,(anonymous_18)
FN:88,(anonymous_19)
FN:100,(anonymous_20)
FN:101,(anonymous_21)
FN:112,(anonymous_22)
FN:116,(anonymous_23)
FN:129,(anonymous_24)
FN:140,(anonymous_25)
FNF:16
FNH:6
FNDA:13,(anonymous_10)
FNDA:12,(anonymous_11)
FNDA:12,(anonymous_12)
FNDA:12,(anonymous_13)
FNDA:0,(anonymous_14)
FNDA:12,(anonymous_15)
FNDA:0,(anonymous_16)
FNDA:12,(anonymous_17)
FNDA:0,(anonymous_18)
FNDA:0,(anonymous_19)
FNDA:0,(anonymous_20)
FNDA:0,(anonymous_21)
FNDA:0,(anonymous_22)
FNDA:0,(anonymous_23)
FNDA:0,(anonymous_24)
FNDA:0,(anonymous_25)
DA:2,1
DA:3,1
DA:4,1
DA:5,1
DA:6,1
DA:7,1
DA:8,1
DA:13,1
DA:14,13
DA:15,13
DA:16,13
DA:17,13
DA:22,13
DA:23,12
DA:24,12
DA:31,13
DA:32,12
DA:33,0
DA:35,0
DA:37,0
DA:38,0
DA:41,0
DA:42,0
DA:45,0
DA:49,12
DA:55,13
DA:56,12
DA:57,0
DA:58,0
DA:60,0
DA:61,0
DA:64,12
DA:66,12
DA:67,12
DA:74,13
DA:75,0
DA:76,0
DA:77,0
DA:79,0
DA:88,13
DA:89,0
DA:90,0
DA:91,0
DA:93,0
DA:100,13
DA:101,0
DA:103,0
DA:112,0
DA:113,0
DA:116,0
DA:117,0
DA:118,0
DA:119,0
DA:120,0
DA:129,13
DA:130,0
DA:131,0
DA:133,0
DA:140,13
DA:141,0
DA:144,13
LF:61
LH:29
BRDA:35,0,0,0
BRDA:35,0,1,0
BRDA:35,0,2,0
BRDA:89,1,0,0
BRDA:89,1,1,0
BRDA:89,2,0,0
BRDA:89,2,1,0
BRDA:93,3,0,0
BRDA:93,3,1,0
BRDA:117,4,0,0
BRDA:130,5,0,0
BRDA:130,5,1,0
BRDA:131,6,0,0
BRDA:131,6,1,0
BRDA:133,7,0,0
BRDA:133,7,1,0
BRF:16
BRH:0
end_of_record
TN:
SF:src/content/ui/SchemaDrawer.tsx
FN:32,(anonymous_10)
FN:41,(anonymous_11)
FN:57,(anonymous_12)
FN:67,(anonymous_13)
FN:81,(anonymous_14)
FN:101,(anonymous_15)
FN:123,(anonymous_16)
FN:145,(anonymous_17)
FN:179,(anonymous_18)
FNF:9
FNH:6
FNDA:21,(anonymous_10)
FNDA:10,(anonymous_11)
FNDA:0,(anonymous_12)
FNDA:1,(anonymous_13)
FNDA:1,(anonymous_14)
FNDA:1,(anonymous_15)
FNDA:0,(anonymous_16)
FNDA:0,(anonymous_17)
FNDA:56,(anonymous_18)
DA:2,1
DA:3,1
DA:4,1
DA:5,1
DA:6,1
DA:7,1
DA:18,1
DA:32,1
DA:33,21
DA:34,21
DA:35,21
DA:36,21
DA:41,21
DA:42,10
DA:43,10
DA:44,10
DA:45,10
DA:46,10
DA:48,0
DA:49,0
DA:57,21
DA:58,0
DA:59,0
DA:60,0
DA:67,21
DA:68,1
DA:69,1
DA:70,1
DA:71,1
DA:72,1
DA:74,0
DA:81,21
DA:82,1
DA:83,1
DA:84,1
DA:86,1
DA:87,1
DA:88,1
DA:89,1
DA:91,0
DA:94,0
DA:101,21
DA:102,1
DA:104,1
DA:105,0
DA:106,0
DA:108,0
DA:109,0
DA:110,0
DA:111,0
DA:113,0
DA:116,1
DA:123,21
DA:124,0
DA:126,0
DA:128,0
DA:129,0
DA:130,0
DA:133,0
DA:134,0
DA:136,0
DA:138,0
DA:145,21
DA:146,0
DA:149,21
DA:180,56
LF:66
LH:41
BRDA:42,0,0,10
BRDA:42,1,0,10
BRDA:42,1,1,10
BRDA:58,2,0,0
BRDA:86,3,0,1
BRDA:86,3,1,0
BRDA:86,4,0,1
BRDA:86,4,1,1
BRDA:91,5,0,0
BRDA:91,5,1,0
BRDA:104,6,0,0
BRDA:104,6,1,1
BRDA:104,7,0,1
BRDA:104,7,1,0
BRDA:108,8,0,0
BRDA:108,8,1,0
BRDA:110,9,0,0
BRDA:110,9,1,0
BRDA:110,10,0,0
BRDA:110,10,1,0
BRDA:116,11,0,1
BRDA:116,11,1,0
BRDA:168,12,0,0
BRDA:168,12,1,21
BRDA:177,13,0,21
BRDA:177,13,1,21
BRDA:177,13,2,21
BRF:27
BRH:13
end_of_record
TN:
SF:src/content/ui/Tooltip.tsx
FN:17,(anonymous_1)
FN:22,(anonymous_2)
FN:25,(anonymous_3)
FNF:3
FNH:0
FNDA:0,(anonymous_1)
FNDA:0,(anonymous_2)
FNDA:0,(anonymous_3)
DA:2,0
DA:3,0
DA:17,0
DA:18,0
DA:20,0
DA:22,0
DA:23,0
DA:24,0
DA:25,0
DA:26,0
DA:28,0
DA:30,0
DA:33,0
LF:13
LH:0
BRDA:18,0,0,0
BRDA:23,1,0,0
BRF:2
BRH:0
end_of_record
TN:
SF:src/content/ui/styles.ts
FN:20,(anonymous_1)
FNF:1
FNH:0
FNDA:0,(anonymous_1)
DA:1,1
DA:7,1
DA:17,1
DA:21,0
DA:36,1
DA:46,1
DA:60,1
DA:72,1
DA:82,1
DA:91,1
DA:99,1
DA:110,1
LF:12
LH:11
BRDA:21,0,0,0
BRDA:21,0,1,0
BRF:2
BRH:0
end_of_record
TN:
SF:src/options/OptionsApp.tsx
FN:33,(anonymous_10)
FN:41,(anonymous_11)
FN:45,(anonymous_12)
FN:58,(anonymous_13)
FN:74,(anonymous_14)
FNF:5
FNH:3
FNDA:6,(anonymous_10)
FNDA:5,(anonymous_11)
FNDA:5,(anonymous_12)
FNDA:0,(anonymous_13)
FNDA:0,(anonymous_14)
DA:1,1
DA:2,1
DA:3,1
DA:4,1
DA:6,1
DA:8,1
DA:16,1
DA:21,1
DA:33,1
DA:34,6
DA:35,6
DA:36,6
DA:41,6
DA:42,5
DA:45,6
DA:46,5
DA:47,5
DA:48,5
DA:49,5
DA:51,0
DA:58,6
DA:59,0
DA:60,0
DA:61,0
DA:62,0
DA:63,0
DA:65,0
DA:67,0
DA:74,6
DA:75,0
DA:76,0
DA:77,0
DA:80,6
LF:33
LH:22
BRF:0
BRH:0
end_of_record
TN:
SF:src/utils/element-detector.ts
FN:8,getElementAttributes
FN:19,(anonymous_1)
FN:29,hasValidAttributes
FN:36,getElementPosition
FN:49,getMousePosition
FN:59,isClickInside
FN:75,addHighlight
FN:84,removeHighlight
FNF:8
FNH:3
FNDA:19,getElementAttributes
FNDA:87,(anonymous_1)
FNDA:6,hasValidAttributes
FNDA:0,getElementPosition
FNDA:0,getMousePosition
FNDA:0,isClickInside
FNDA:0,addHighlight
FNDA:0,removeHighlight
DA:2,1
DA:8,1
DA:9,19
DA:10,18
DA:11,18
DA:13,16
DA:14,2
DA:17,14
DA:19,87
DA:22,14
DA:29,1
DA:30,6
DA:36,1
DA:37,0
DA:38,0
DA:49,1
DA:50,0
DA:59,1
DA:63,0
DA:64,0
DA:75,1
DA:76,0
DA:77,0
DA:78,0
DA:84,1
DA:85,0
DA:86,0
DA:87,0
LF:28
LH:17
BRDA:13,0,0,2
BRDA:65,1,0,0
BRDA:65,1,1,0
BRDA:65,1,2,0
BRDA:65,1,3,0
BRF:5
BRH:1
end_of_record
TN:
SF:src/utils/json-serializer.ts
FN:17,(anonymous_0)
FN:43,(anonymous_1)
FN:126,(anonymous_2)
FNF:3
FNH:3
FNDA:4,(anonymous_0)
FNDA:8,(anonymous_1)
FNDA:10,(anonymous_2)
DA:17,2
DA:18,4
DA:19,4
DA:20,4
DA:25,0
DA:43,2
DA:44,8
DA:45,8
DA:47,8
DA:48,8
DA:51,8
DA:52,1
DA:60,7
DA:61,7
DA:62,5
DA:63,5
DA:67,7
DA:68,7
DA:69,7
DA:70,4
DA:71,4
DA:74,3
DA:75,3
DA:76,0
DA:77,0
DA:78,0
DA:79,0
DA:82,0
DA:86,3
DA:91,7
DA:92,0
DA:101,7
DA:102,3
DA:108,4
DA:114,0
DA:126,2
DA:127,10
DA:131,10
DA:132,4
DA:138,10
DA:140,7
DA:143,7
DA:144,7
DA:145,3
DA:151,7
LF:45
LH:37
BRDA:51,0,0,1
BRDA:61,1,0,5
BRDA:67,2,0,11
BRDA:67,2,1,7
BRDA:75,3,0,0
BRDA:91,4,0,0
BRDA:91,5,0,7
BRDA:91,5,1,0
BRDA:101,6,0,3
BRDA:111,7,0,4
BRDA:111,7,1,0
BRDA:131,8,0,4
BRDA:131,9,0,10
BRDA:131,9,1,4
BRDA:138,10,0,7
BRF:15
BRH:11
end_of_record
TN:
SF:src/utils/message.ts
FN:6,sendMessageToBackground
FN:19,sendMessageToContent
FN:35,listenChromeMessages
FN:38,(anonymous_3)
FN:43,(anonymous_4)
FN:54,postMessageToPage
FN:68,listenPageMessages
FN:71,(anonymous_7)
FN:84,(anonymous_8)
FNF:9
FNH:4
FNDA:7,sendMessageToBackground
FNDA:0,sendMessageToContent
FNDA:0,listenChromeMessages
FNDA:0,(anonymous_3)
FNDA:0,(anonymous_4)
FNDA:121,postMessageToPage
FNDA:12,listenPageMessages
FNDA:0,(anonymous_7)
FNDA:12,(anonymous_8)
DA:6,2
DA:7,7
DA:8,7
DA:9,6
DA:11,1
DA:12,1
DA:19,2
DA:23,0
DA:24,0
DA:25,0
DA:27,0
DA:28,0
DA:35,2
DA:38,0
DA:39,0
DA:42,0
DA:43,0
DA:44,0
DA:47,0
DA:54,2
DA:55,121
DA:60,121
DA:62,121
DA:68,2
DA:71,12
DA:73,0
DA:76,0
DA:78,0
DA:81,12
DA:84,12
DA:85,12
LF:31
LH:17
BRDA:42,0,0,0
BRDA:73,1,0,0
BRDA:76,2,0,0
BRDA:76,3,0,0
BRDA:76,3,1,0
BRF:5
BRH:0
end_of_record
TN:
SF:src/utils/storage.ts
FN:7,(anonymous_0)
FN:23,(anonymous_1)
FN:36,(anonymous_2)
FN:49,(anonymous_3)
FN:59,(anonymous_4)
FN:72,(anonymous_5)
FN:85,(anonymous_6)
FN:98,(anonymous_7)
FN:111,(anonymous_8)
FNF:9
FNH:8
FNDA:1,(anonymous_0)
FNDA:6,(anonymous_1)
FNDA:3,(anonymous_2)
FNDA:0,(anonymous_3)
FNDA:5,(anonymous_4)
FNDA:2,(anonymous_5)
FNDA:5,(anonymous_6)
FNDA:2,(anonymous_7)
FNDA:3,(anonymous_8)
DA:8,1
DA:14,1
DA:24,6
DA:25,6
DA:26,5
DA:28,1
DA:29,1
DA:37,3
DA:38,3
DA:42,1
DA:50,0
DA:51,0
DA:52,0
DA:53,0
DA:60,5
DA:61,5
DA:62,5
DA:64,0
DA:65,0
DA:73,2
DA:74,2
DA:78,0
DA:86,5
DA:87,5
DA:88,5
DA:90,0
DA:91,0
DA:99,2
DA:100,2
DA:104,0
DA:112,3
DA:117,3
DA:121,1
LF:33
LH:23
BRDA:26,0,0,5
BRDA:26,0,1,2
BRDA:62,1,0,5
BRDA:62,1,1,3
BRDA:88,2,0,5
BRDA:88,2,1,3
BRF:6
BRH:6
end_of_record
